<?xml version="1.0" encoding="UTF-8"?>
<!-- Generated by org.testng.reporters.JUnitReportReporter -->
<testsuite skipped="0" hostname="DESKTOP-OURGDUI" name="com.nopCommerce.testCases.TC_LoginTest_001" tests="1" failures="0" timestamp="6 Sep 2021 22:13:46 GMT" time="15.119" errors="0">
  <testcase name="loginTest" time="15.119" classname="com.nopCommerce.testCases.TC_LoginTest_001"/>
</testsuite> <!-- com.nopCommerce.testCases.TC_LoginTest_001 -->
