<?xml version="1.0" encoding="UTF-8"?>
<!-- Generated by org.testng.reporters.JUnitReportReporter -->
<testsuite skipped="0" hostname="DESKTOP-OURGDUI" name="com.nopCommerce_testCases.TC_LoginTest_001" tests="1" failures="0" timestamp="6 Sep 2021 04:11:03 GMT" time="13.502" errors="0">
  <testcase name="loginTest" time="13.502" classname="com.nopCommerce_testCases.TC_LoginTest_001"/>
</testsuite> <!-- com.nopCommerce_testCases.TC_LoginTest_001 -->
